{
  "RSpec": {
    "coverage": {
      "/Users/ethanstrominger/sei/projects/event-finder-plus/app/controllers/calendars_controller.rb": {
        "lines": [
          null,
          null,
          1,
          1,
          null,
          null,
          1,
          1,
          null,
          1,
          null,
          null,
          null,
          1,
          0,
          null,
          null,
          null,
          1,
          0,
          null,
          0,
          0,
          null,
          0,
          null,
          null,
          null,
          null,
          1,
          0,
          0,
          null,
          0,
          null,
          null,
          null,
          null,
          1,
          0,
          null,
          null,
          1,
          null,
          null,
          1,
          0,
          null,
          null,
          null,
          1,
          0,
          null,
          null
        ]
      },
      "/Users/ethanstrominger/sei/projects/event-finder-plus/app/controllers/protected_controller.rb": {
        "lines": [
          null,
          null,
          null,
          1,
          1,
          null
        ]
      },
      "/Users/ethanstrominger/sei/projects/event-finder-plus/app/controllers/application_controller.rb": {
        "lines": [
          null,
          null,
          null,
          null,
          1,
          null,
          1,
          1,
          34,
          null,
          null,
          null,
          null,
          1,
          0,
          0,
          0,
          0,
          0,
          0,
          0,
          null,
          0,
          0,
          null,
          0,
          0,
          0,
          null,
          0,
          null,
          0,
          null,
          0,
          null,
          null,
          null,
          1,
          null,
          9,
          null,
          0,
          null,
          9,
          null,
          null,
          null,
          1,
          1,
          null,
          9,
          null,
          null,
          null,
          1,
          null,
          null,
          1,
          null,
          0,
          0,
          null,
          null,
          null,
          1,
          1,
          34,
          null,
          null,
          null,
          1,
          null,
          null,
          1,
          1,
          0,
          null,
          null,
          null,
          1,
          1,
          null
        ]
      },
      "/Users/ethanstrominger/sei/projects/event-finder-plus/spec/controllers/users_spec.rb": {
        "lines": [
          null,
          null,
          1,
          null,
          1,
          1,
          null,
          14,
          null,
          null,
          null,
          null,
          null,
          1,
          8,
          null,
          null,
          1,
          1,
          2,
          null,
          null,
          1,
          1,
          null,
          null,
          1,
          1,
          1,
          null,
          null,
          null,
          1,
          1,
          2,
          2,
          null,
          null,
          1,
          1,
          null,
          null,
          1,
          1,
          1,
          null,
          null,
          null,
          1,
          1,
          4,
          4,
          null,
          4,
          4,
          null,
          4,
          null,
          null,
          1,
          1,
          null,
          2,
          null,
          null,
          null,
          null,
          1,
          2,
          null,
          null,
          null,
          null,
          1,
          1,
          null,
          null,
          1,
          1,
          null,
          null,
          null,
          1,
          1,
          2,
          null,
          null,
          1,
          1,
          null,
          null,
          1,
          1,
          null,
          null,
          null,
          null
        ]
      },
      "/Users/ethanstrominger/sei/projects/event-finder-plus/app/controllers/users_controller.rb": {
        "lines": [
          null,
          null,
          1,
          1,
          null,
          null,
          1,
          14,
          14,
          11,
          null,
          3,
          null,
          null,
          null,
          null,
          1,
          11,
          11,
          null,
          11,
          null,
          0,
          null,
          null,
          null,
          null,
          1,
          4,
          4,
          null,
          null,
          null,
          1,
          null,
          null,
          null,
          null,
          null,
          3,
          3,
          null,
          3,
          null,
          0,
          null,
          null,
          null,
          1,
          null,
          1,
          25,
          null,
          null,
          null,
          1,
          6,
          null,
          null,
          null
        ]
      },
      "/Users/ethanstrominger/sei/projects/event-finder-plus/spec/models/calendar_spec.rb": {
        "lines": [
          1,
          null,
          1,
          1,
          null
        ]
      },
      "/Users/ethanstrominger/sei/projects/event-finder-plus/app/models/calendar.rb": {
        "lines": [
          1,
          1,
          null
        ]
      },
      "/Users/ethanstrominger/sei/projects/event-finder-plus/app/models/application_record.rb": {
        "lines": [
          null,
          null,
          1,
          1,
          null
        ]
      },
      "/Users/ethanstrominger/sei/projects/event-finder-plus/spec/models/drop_calendar_spec.rb": {
        "lines": [
          1,
          null,
          1,
          1,
          null
        ]
      },
      "/Users/ethanstrominger/sei/projects/event-finder-plus/app/models/drop_calendar.rb": {
        "lines": [
          1,
          null
        ]
      },
      "/Users/ethanstrominger/sei/projects/event-finder-plus/spec/models/user_spec.rb": {
        "lines": [
          null,
          null,
          1,
          null,
          1,
          null
        ]
      },
      "/Users/ethanstrominger/sei/projects/event-finder-plus/app/models/user.rb": {
        "lines": [
          null,
          null,
          1,
          1,
          1,
          1,
          null
        ]
      },
      "/Users/ethanstrominger/sei/projects/event-finder-plus/app/models/concerns/authentication.rb": {
        "lines": [
          null,
          null,
          1,
          1,
          null,
          1,
          1,
          11,
          11,
          11,
          11,
          null,
          null,
          null,
          1,
          1,
          1,
          1,
          1,
          1,
          1,
          null,
          null,
          1,
          4,
          null,
          null,
          null,
          1,
          26,
          null,
          null,
          null,
          1,
          15,
          null,
          null,
          null,
          1,
          null,
          19,
          null,
          null,
          1,
          null
        ]
      },
      "/Users/ethanstrominger/sei/projects/event-finder-plus/spec/requests/calenders_spec.rb": {
        "lines": [
          null,
          null,
          1,
          null,
          1,
          null,
          1,
          1,
          null,
          null,
          1,
          1,
          1,
          null,
          null,
          1,
          1,
          null,
          null,
          1,
          1,
          1,
          1,
          null,
          null,
          null
        ]
      },
      "/Users/ethanstrominger/sei/projects/event-finder-plus/spec/requests/auth_helper.rb": {
        "lines": [
          1,
          1,
          null,
          5,
          null,
          null,
          null,
          1,
          null,
          13,
          null,
          null,
          null,
          null,
          null,
          1,
          4,
          4,
          null,
          4,
          4,
          null,
          null
        ]
      },
      "/Users/ethanstrominger/sei/projects/event-finder-plus/spec/requests/users_spec.rb": {
        "lines": [
          null,
          null,
          1,
          1,
          null,
          1,
          1,
          null,
          null,
          1,
          1,
          1,
          null,
          null,
          1,
          1,
          null,
          null,
          1,
          1,
          1,
          1,
          null,
          1,
          null,
          1,
          1,
          null,
          null,
          null,
          null,
          null,
          null,
          1,
          1,
          1,
          null,
          null,
          1,
          1,
          1,
          null,
          1,
          null,
          1,
          1,
          null,
          null,
          1,
          null,
          null,
          null,
          null,
          null,
          null,
          1,
          null,
          1,
          3,
          null,
          null,
          null,
          null,
          null,
          null,
          null,
          1,
          1,
          null,
          1,
          null,
          null,
          null,
          null,
          1,
          1,
          null,
          null,
          null,
          1,
          1,
          null,
          null,
          null,
          1,
          1,
          1,
          null,
          1,
          1,
          null,
          null,
          1,
          1,
          1,
          null,
          1,
          null,
          null,
          null,
          null
        ]
      },
      "/Users/ethanstrominger/sei/projects/event-finder-plus/spec/routing/calenders_routing_spec.rb": {
        "lines": [
          1,
          null,
          1,
          1,
          null,
          1,
          1,
          null,
          null,
          null,
          1,
          1,
          null,
          null,
          null,
          1,
          1,
          null,
          null,
          1,
          1,
          null,
          null,
          1,
          1,
          null,
          null,
          1,
          1,
          null,
          null,
          null,
          null
        ]
      },
      "/Users/ethanstrominger/sei/projects/event-finder-plus/spec/routing/users_spec.rb": {
        "lines": [
          null,
          null,
          1,
          null,
          1,
          1,
          1,
          null,
          null,
          1,
          1,
          null,
          null,
          1,
          1,
          null,
          null,
          null,
          null,
          null,
          1,
          1,
          null,
          null,
          null,
          null,
          null
        ]
      },
      "/Users/ethanstrominger/sei/projects/event-finder-plus/app/serializers/user_serializer.rb": {
        "lines": [
          null,
          null,
          1,
          1,
          null
        ]
      },
      "/Users/ethanstrominger/sei/projects/event-finder-plus/app/serializers/user_login_serializer.rb": {
        "lines": [
          null,
          null,
          1,
          1,
          null,
          1,
          11,
          null,
          null
        ]
      }
    },
    "timestamp": 1582737361
  }
}
